Determining if the pthread_create exist failed with the following output:
Change Dir: /home/haresh/tensegros/build/CMakeFiles/CMakeTmp

Run Build Command:"/usr/bin/make" "cmTC_fd573/fast"
/usr/bin/make -f CMakeFiles/cmTC_fd573.dir/build.make CMakeFiles/cmTC_fd573.dir/build
make[1]: Entering directory '/home/haresh/tensegros/build/CMakeFiles/CMakeTmp'
Building C object CMakeFiles/cmTC_fd573.dir/CheckSymbolExists.c.o
/usr/bin/cc     -o CMakeFiles/cmTC_fd573.dir/CheckSymbolExists.c.o   -c /home/haresh/tensegros/build/CMakeFiles/CMakeTmp/CheckSymbolExists.c
Linking C executable cmTC_fd573
/usr/bin/cmake -E cmake_link_script CMakeFiles/cmTC_fd573.dir/link.txt --verbose=1
/usr/bin/cc       CMakeFiles/cmTC_fd573.dir/CheckSymbolExists.c.o  -o cmTC_fd573 -rdynamic 
CMakeFiles/cmTC_fd573.dir/CheckSymbolExists.c.o: In function `main':
CheckSymbolExists.c:(.text+0x16): undefined reference to `pthread_create'
collect2: error: ld returned 1 exit status
CMakeFiles/cmTC_fd573.dir/build.make:97: recipe for target 'cmTC_fd573' failed
make[1]: *** [cmTC_fd573] Error 1
make[1]: Leaving directory '/home/haresh/tensegros/build/CMakeFiles/CMakeTmp'
Makefile:126: recipe for target 'cmTC_fd573/fast' failed
make: *** [cmTC_fd573/fast] Error 2

File /home/haresh/tensegros/build/CMakeFiles/CMakeTmp/CheckSymbolExists.c:
/* */
#include <pthread.h>

int main(int argc, char** argv)
{
  (void)argv;
#ifndef pthread_create
  return ((int*)(&pthread_create))[argc];
#else
  (void)argc;
  return 0;
#endif
}

Determining if the function pthread_create exists in the pthreads failed with the following output:
Change Dir: /home/haresh/tensegros/build/CMakeFiles/CMakeTmp

Run Build Command:"/usr/bin/make" "cmTC_abdf7/fast"
/usr/bin/make -f CMakeFiles/cmTC_abdf7.dir/build.make CMakeFiles/cmTC_abdf7.dir/build
make[1]: Entering directory '/home/haresh/tensegros/build/CMakeFiles/CMakeTmp'
Building C object CMakeFiles/cmTC_abdf7.dir/CheckFunctionExists.c.o
/usr/bin/cc    -DCHECK_FUNCTION_EXISTS=pthread_create   -o CMakeFiles/cmTC_abdf7.dir/CheckFunctionExists.c.o   -c /usr/share/cmake-3.5/Modules/CheckFunctionExists.c
Linking C executable cmTC_abdf7
/usr/bin/cmake -E cmake_link_script CMakeFiles/cmTC_abdf7.dir/link.txt --verbose=1
/usr/bin/cc   -DCHECK_FUNCTION_EXISTS=pthread_create    CMakeFiles/cmTC_abdf7.dir/CheckFunctionExists.c.o  -o cmTC_abdf7 -rdynamic -lpthreads 
/usr/bin/ld: cannot find -lpthreads
collect2: error: ld returned 1 exit status
CMakeFiles/cmTC_abdf7.dir/build.make:97: recipe for target 'cmTC_abdf7' failed
make[1]: *** [cmTC_abdf7] Error 1
make[1]: Leaving directory '/home/haresh/tensegros/build/CMakeFiles/CMakeTmp'
Makefile:126: recipe for target 'cmTC_abdf7/fast' failed
make: *** [cmTC_abdf7/fast] Error 2


